Using pre-set license
Built from '2021.3/staging' branch; Version is '2021.3.6f1 (7da38d85baf6) revision 8233869'; Using compiler version '192829333'; Build Type 'Release'
OS: 'Windows 11  (10.0.22000) 64bit Core' Language: 'zh' Physical Memory: 8028 MB
BatchMode: 1, IsHumanControllingUs: 0, StartBugReporterOnCrash: 0, Is64bit: 1, IsPro: 1

COMMAND LINE ARGUMENTS:
D:\Unity2.0\2021.3.6f1\Editor\Unity.exe
-adb2
-batchMode
-noUpm
-name
AssetImportWorker4
-projectPath
D:/Unity/GitHub_save/Unity_Homework3D_4/Unity_Homework3D_4
-logFile
Logs/AssetImportWorker4.log
-srvPort
5718
Successfully changed project path to: D:/Unity/GitHub_save/Unity_Homework3D_4/Unity_Homework3D_4
D:/Unity/GitHub_save/Unity_Homework3D_4/Unity_Homework3D_4
[UnityMemory] Configuration Parameters - Can be set up in boot.config
    "memorysetup-bucket-allocator-granularity=16"
    "memorysetup-bucket-allocator-bucket-count=8"
    "memorysetup-bucket-allocator-block-size=33554432"
    "memorysetup-bucket-allocator-block-count=8"
    "memorysetup-main-allocator-block-size=16777216"
    "memorysetup-thread-allocator-block-size=16777216"
    "memorysetup-gfx-main-allocator-block-size=16777216"
    "memorysetup-gfx-thread-allocator-block-size=16777216"
    "memorysetup-cache-allocator-block-size=4194304"
    "memorysetup-typetree-allocator-block-size=2097152"
    "memorysetup-profiler-bucket-allocator-granularity=16"
    "memorysetup-profiler-bucket-allocator-bucket-count=8"
    "memorysetup-profiler-bucket-allocator-block-size=33554432"
    "memorysetup-profiler-bucket-allocator-block-count=8"
    "memorysetup-profiler-allocator-block-size=16777216"
    "memorysetup-profiler-editor-allocator-block-size=1048576"
    "memorysetup-temp-allocator-size-main=16777216"
    "memorysetup-job-temp-allocator-block-size=2097152"
    "memorysetup-job-temp-allocator-block-size-background=1048576"
    "memorysetup-job-temp-allocator-reduction-small-platforms=262144"
    "memorysetup-temp-allocator-size-background-worker=32768"
    "memorysetup-temp-allocator-size-job-worker=262144"
    "memorysetup-temp-allocator-size-preload-manager=33554432"
    "memorysetup-temp-allocator-size-nav-mesh-worker=65536"
    "memorysetup-temp-allocator-size-audio-worker=65536"
    "memorysetup-temp-allocator-size-cloud-worker=32768"
    "memorysetup-temp-allocator-size-gi-baking-worker=262144"
    "memorysetup-temp-allocator-size-gfx=262144"
Refreshing native plugins compatible for Editor in 78.94 ms, found 3 plugins.
Preloading 0 native plugins for Editor in 0.00 ms.
Initialize engine version: 2021.3.6f1 (7da38d85baf6)
[Subsystems] Discovering subsystems at path D:/Unity2.0/2021.3.6f1/Editor/Data/Resources/UnitySubsystems
[Subsystems] Discovering subsystems at path D:/Unity/GitHub_save/Unity_Homework3D_4/Unity_Homework3D_4/Assets
GfxDevice: creating device client; threaded=0; jobified=0
Direct3D:
    Version:  Direct3D 11.0 [level 11.1]
    Renderer: NVIDIA GeForce GTX 1650 Ti (ID=0x1f95)
    Vendor:   NVIDIA
    VRAM:     3962 MB
    Driver:   31.0.15.1691
Initialize mono
Mono path[0] = 'D:/Unity2.0/2021.3.6f1/Editor/Data/Managed'
Mono path[1] = 'D:/Unity2.0/2021.3.6f1/Editor/Data/MonoBleedingEdge/lib/mono/unityjit-win32'
Mono config path = 'D:/Unity2.0/2021.3.6f1/Editor/Data/MonoBleedingEdge/etc'
Using monoOptions --debugger-agent=transport=dt_socket,embedding=1,server=y,suspend=n,address=127.0.0.1:56000
Begin MonoManager ReloadAssembly
Registering precompiled unity dll's ...
Register platform support module: D:/Unity2.0/2021.3.6f1/Editor/Data/PlaybackEngines/WebGLSupport/UnityEditor.WebGL.Extensions.dll
Register platform support module: D:/Unity2.0/2021.3.6f1/Editor/Data/PlaybackEngines/WindowsStandaloneSupport/UnityEditor.WindowsStandalone.Extensions.dll
Registered in 0.001981 seconds.
Native extension for WindowsStandalone target not found
Native extension for WebGL target not found
Refreshing native plugins compatible for Editor in 78.38 ms, found 3 plugins.
Preloading 0 native plugins for Editor in 0.00 ms.
Mono: successfully reloaded assembly
- Completed reload, in  0.571 seconds
Domain Reload Profiling:
	ReloadAssembly (571ms)
		BeginReloadAssembly (72ms)
			ExecutionOrderSort (0ms)
			DisableScriptedObjects (0ms)
			BackupInstance (0ms)
			ReleaseScriptingObjects (0ms)
			CreateAndSetChildDomain (1ms)
		EndReloadAssembly (415ms)
			LoadAssemblies (71ms)
			RebuildTransferFunctionScriptingTraits (0ms)
			SetupTypeCache (92ms)
			ReleaseScriptCaches (0ms)
			RebuildScriptCaches (28ms)
			SetupLoadedEditorAssemblies (255ms)
				LogAssemblyErrors (0ms)
				InitializePlatformSupportModulesInManaged (6ms)
				SetLoadedEditorAssemblies (0ms)
				RefreshPlugins (78ms)
				BeforeProcessingInitializeOnLoad (1ms)
				ProcessInitializeOnLoadAttributes (116ms)
				ProcessInitializeOnLoadMethodAttributes (53ms)
				AfterProcessingInitializeOnLoad (0ms)
				EditorAssembliesLoaded (0ms)
			ExecutionOrderSort2 (0ms)
			AwakeInstancesAfterBackupRestoration (0ms)
Platform modules already initialized, skipping
Registering precompiled user dll's ...
Registered in 0.013540 seconds.
Begin MonoManager ReloadAssembly
Symbol file LoadedFromMemory doesn't match image D:\Unity\GitHub_save\Unity_Homework3D_4\Unity_Homework3D_4\Library\PackageCache\com.unity.visualscripting@1.7.8\Editor\VisualScripting.Core\Dependencies\YamlDotNet\Unity.VisualScripting.YamlDotNet.dll
Symbol file LoadedFromMemory doesn't match image D:\Unity\GitHub_save\Unity_Homework3D_4\Unity_Homework3D_4\Library\PackageCache\com.unity.visualscripting@1.7.8\Editor\VisualScripting.Core\Dependencies\DotNetZip\Unity.VisualScripting.IonicZip.dll
Native extension for WindowsStandalone target not found
Native extension for WebGL target not found
Refreshing native plugins compatible for Editor in 79.97 ms, found 3 plugins.
Preloading 0 native plugins for Editor in 0.00 ms.
Mono: successfully reloaded assembly
- Completed reload, in  1.101 seconds
Domain Reload Profiling:
	ReloadAssembly (1101ms)
		BeginReloadAssembly (118ms)
			ExecutionOrderSort (0ms)
			DisableScriptedObjects (7ms)
			BackupInstance (0ms)
			ReleaseScriptingObjects (0ms)
			CreateAndSetChildDomain (20ms)
		EndReloadAssembly (888ms)
			LoadAssemblies (89ms)
			RebuildTransferFunctionScriptingTraits (0ms)
			SetupTypeCache (236ms)
			ReleaseScriptCaches (1ms)
			RebuildScriptCaches (49ms)
			SetupLoadedEditorAssemblies (487ms)
				LogAssemblyErrors (0ms)
				InitializePlatformSupportModulesInManaged (4ms)
				SetLoadedEditorAssemblies (0ms)
				RefreshPlugins (80ms)
				BeforeProcessingInitializeOnLoad (81ms)
				ProcessInitializeOnLoadAttributes (277ms)
				ProcessInitializeOnLoadMethodAttributes (43ms)
				AfterProcessingInitializeOnLoad (3ms)
				EditorAssembliesLoaded (0ms)
			ExecutionOrderSort2 (0ms)
			AwakeInstancesAfterBackupRestoration (10ms)
Platform modules already initialized, skipping
========================================================================
Worker process is ready to serve import requests
Launched and connected shader compiler UnityShaderCompiler.exe after 0.04 seconds
Refreshing native plugins compatible for Editor in 0.60 ms, found 3 plugins.
Preloading 0 native plugins for Editor in 0.00 ms.
Unloading 3898 Unused Serialized files (Serialized files now loaded: 0)
Unloading 42 unused Assets / (128.8 KB). Loaded Objects now: 4359.
Memory consumption went from 140.4 MB to 140.2 MB.
Total: 3.165300 ms (FindLiveObjects: 0.289400 ms CreateObjectMapping: 0.225600 ms MarkObjects: 2.536300 ms  DeleteObjects: 0.113400 ms)

AssetImportParameters requested are different than current active one (requested -> active):
  custom:video-decoder-ogg-theora: a1e56fd34408186e4bbccfd4996cb3dc -> 
  custom:container-muxer-webm: aa71ff27fc2769a1b78a27578f13a17b -> 
  custom:container-demuxer-webm: 4f35f7cbe854078d1ac9338744f61a02 -> 
  custom:video-encoder-webm-vp8: eb34c28f22e8b96e1ab97ce403110664 -> 
  custom:video-codec-MediaFoundation-h265: 746d11721c4dcdbdad8f713fa42b33f4 -> 
  custom:audio-encoder-webm-vorbis: bf7c407c2cedff20999df2af8eb42d56 -> 
  custom:framework-win-MediaFoundation: 216162199b28c13a410421893ffa2e32 -> 
  custom:container-demuxer-ogg: 62fdf1f143b41e24485cea50d1cbac27 -> 
  custom:video-decoder-webm-vp8: 9c59270c3fd7afecdb556c50c9e8de78 -> 
  custom:audio-decoder-ogg-vorbis: bf7c407c2cedff20999df2af8eb42d56 -> 
========================================================================
Received Import Request.
  Time since last request: 6328.393491 seconds.
  path: Assets/Horror Elements/Ambient/Amb_Deep_impacts_stress.wav
  artifactKey: Guid(64ed54603ea4bdc4c930044de83bdd69) Importer(815301076,1909f56bfc062723c751e8b465ee728b)
Start importing Assets/Horror Elements/Ambient/Amb_Deep_impacts_stress.wav using Guid(64ed54603ea4bdc4c930044de83bdd69) Importer(815301076,1909f56bfc062723c751e8b465ee728b)  -> (artifact id: '505bbc057a861f530fcdb0855a89bc65') in 0.103531 seconds 
========================================================================
Received Import Request.
  Time since last request: 0.357836 seconds.
  path: Assets/Horror Elements/Ambient/Amb_Deep_space_1.wav
  artifactKey: Guid(ab63369db59adbf46b2761daeeebe63c) Importer(815301076,1909f56bfc062723c751e8b465ee728b)
Start importing Assets/Horror Elements/Ambient/Amb_Deep_space_1.wav using Guid(ab63369db59adbf46b2761daeeebe63c) Importer(815301076,1909f56bfc062723c751e8b465ee728b)  -> (artifact id: '19b5be9b8a10a5b679058697c841b836') in 0.020971 seconds 
========================================================================
Received Import Request.
  Time since last request: 0.022443 seconds.
  path: Assets/Horror Elements/Ambient/Amb_Deep_space_2.wav
  artifactKey: Guid(85d9ce10089b6b44fa191f403fc494c3) Importer(815301076,1909f56bfc062723c751e8b465ee728b)
Start importing Assets/Horror Elements/Ambient/Amb_Deep_space_2.wav using Guid(85d9ce10089b6b44fa191f403fc494c3) Importer(815301076,1909f56bfc062723c751e8b465ee728b)  -> (artifact id: 'aeeebd20fff02a987a5b2c7ae89bec7b') in 0.020104 seconds 
========================================================================
Received Import Request.
  Time since last request: 0.285313 seconds.
  path: Assets/Horror Elements/Ambient/Amb_Deep_space_3.wav
  artifactKey: Guid(46bb97a9f3c5f5b4fa47bea4a1f74b2a) Importer(815301076,1909f56bfc062723c751e8b465ee728b)
Start importing Assets/Horror Elements/Ambient/Amb_Deep_space_3.wav using Guid(46bb97a9f3c5f5b4fa47bea4a1f74b2a) Importer(815301076,1909f56bfc062723c751e8b465ee728b)  -> (artifact id: '030960ee3277a65da3ea25c78507e45a') in 0.015160 seconds 
========================================================================
Received Import Request.
  Time since last request: 0.024210 seconds.
  path: Assets/Horror Elements/Ambient/Amb_Rumble.wav
  artifactKey: Guid(e93683c9c0a995d48b3f20927db0ac5a) Importer(815301076,1909f56bfc062723c751e8b465ee728b)
Start importing Assets/Horror Elements/Ambient/Amb_Rumble.wav using Guid(e93683c9c0a995d48b3f20927db0ac5a) Importer(815301076,1909f56bfc062723c751e8b465ee728b)  -> (artifact id: '37ace258b1367b2a05c3b065d6973b1e') in 0.017238 seconds 
========================================================================
Received Import Request.
  Time since last request: 0.266045 seconds.
  path: Assets/Horror Elements/Ambient/Amb_Run_1.wav
  artifactKey: Guid(1848e5c0f65bc1542a32b7b6c41f30a4) Importer(815301076,1909f56bfc062723c751e8b465ee728b)
Start importing Assets/Horror Elements/Ambient/Amb_Run_1.wav using Guid(1848e5c0f65bc1542a32b7b6c41f30a4) Importer(815301076,1909f56bfc062723c751e8b465ee728b)  -> (artifact id: 'b40f112ad486ffda4e578257f3cfaf3b') in 0.011443 seconds 
========================================================================
Received Import Request.
  Time since last request: 0.313619 seconds.
  path: Assets/Horror Elements/Ambient/Amb_Run_End.wav
  artifactKey: Guid(9ffb473a8305d8741a911f9eef94a48c) Importer(815301076,1909f56bfc062723c751e8b465ee728b)
Start importing Assets/Horror Elements/Ambient/Amb_Run_End.wav using Guid(9ffb473a8305d8741a911f9eef94a48c) Importer(815301076,1909f56bfc062723c751e8b465ee728b)  -> (artifact id: '2f4a7d4498c75c904e3c9ba716bd277e') in 0.010085 seconds 
========================================================================
Received Import Request.
  Time since last request: 0.026017 seconds.
  path: Assets/Horror Elements/Ambient/Amb_scary.wav
  artifactKey: Guid(93abc65fb0a7d9a47bb2f33a425869bb) Importer(815301076,1909f56bfc062723c751e8b465ee728b)
Start importing Assets/Horror Elements/Ambient/Amb_scary.wav using Guid(93abc65fb0a7d9a47bb2f33a425869bb) Importer(815301076,1909f56bfc062723c751e8b465ee728b)  -> (artifact id: 'fc503617283df9474fa235653a425e73') in 0.020146 seconds 
========================================================================
Received Import Request.
  Time since last request: 0.258117 seconds.
  path: Assets/Horror Elements/Ambient/Amb_underwater.wav
  artifactKey: Guid(8b3c2e75b5d9f294185b63398af215d6) Importer(815301076,1909f56bfc062723c751e8b465ee728b)
Start importing Assets/Horror Elements/Ambient/Amb_underwater.wav using Guid(8b3c2e75b5d9f294185b63398af215d6) Importer(815301076,1909f56bfc062723c751e8b465ee728b)  -> (artifact id: '52afa5b1d74a7711b7dc97f87787ebb6') in 0.011894 seconds 
========================================================================
Received Import Request.
  Time since last request: 3.255863 seconds.
  path: Assets/Horror Elements/Misc/Misc_breath.wav
  artifactKey: Guid(af6edb08e1f686041a968120f681aff9) Importer(815301076,1909f56bfc062723c751e8b465ee728b)
Start importing Assets/Horror Elements/Misc/Misc_breath.wav using Guid(af6edb08e1f686041a968120f681aff9) Importer(815301076,1909f56bfc062723c751e8b465ee728b)  -> (artifact id: '6d02feb0827fc4ad389c865b6da56c70') in 0.021985 seconds 
========================================================================
Received Import Request.
  Time since last request: 0.000044 seconds.
  path: Assets/Horror Elements/Misc/Misc_Laugh.wav
  artifactKey: Guid(08b4ba6cd22a9ab4986a13fff034f354) Importer(815301076,1909f56bfc062723c751e8b465ee728b)
Start importing Assets/Horror Elements/Misc/Misc_Laugh.wav using Guid(08b4ba6cd22a9ab4986a13fff034f354) Importer(815301076,1909f56bfc062723c751e8b465ee728b)  -> (artifact id: 'c8d809ecae32a98aacbe58f8f30b909d') in 0.021506 seconds 
========================================================================
Received Import Request.
  Time since last request: 0.000017 seconds.
  path: Assets/Horror Elements/Misc/Misc_Emergency.wav
  artifactKey: Guid(f56395d38f7cabc4e96ba771068022c1) Importer(815301076,1909f56bfc062723c751e8b465ee728b)
Start importing Assets/Horror Elements/Misc/Misc_Emergency.wav using Guid(f56395d38f7cabc4e96ba771068022c1) Importer(815301076,1909f56bfc062723c751e8b465ee728b)  -> (artifact id: 'b2148da0771ecc8d16417228278b4424') in 0.017191 seconds 
========================================================================
Received Import Request.
  Time since last request: 0.000051 seconds.
  path: Assets/Horror Elements/Misc/Misc_horrific.wav
  artifactKey: Guid(2d4abed0203b15f4e8d4c72eeb4d8d16) Importer(815301076,1909f56bfc062723c751e8b465ee728b)
Start importing Assets/Horror Elements/Misc/Misc_horrific.wav using Guid(2d4abed0203b15f4e8d4c72eeb4d8d16) Importer(815301076,1909f56bfc062723c751e8b465ee728b)  -> (artifact id: '5ccc64fc1bf1bd0d652cd9137449a7b6') in 0.013569 seconds 
========================================================================
Received Import Request.
  Time since last request: 1162.291046 seconds.
  path: Assets/音效
  artifactKey: Guid(82e072329bdb53348bc2efa1d365a154) Importer(815301076,1909f56bfc062723c751e8b465ee728b)
Start importing Assets/音效 using Guid(82e072329bdb53348bc2efa1d365a154) Importer(815301076,1909f56bfc062723c751e8b465ee728b)  -> (artifact id: '91993bbbc2709b6dcdd0de39ae3d6ec3') in 0.003492 seconds 
========================================================================
Received Import Request.
  Time since last request: 10.214834 seconds.
  path: Assets/音效/505649__bolkmar__door-squeak-short-squeak-04.wav
  artifactKey: Guid(8d8923a3ff84b4f4c8480d2a9b7a21ec) Importer(815301076,1909f56bfc062723c751e8b465ee728b)
Start importing Assets/音效/505649__bolkmar__door-squeak-short-squeak-04.wav using Guid(8d8923a3ff84b4f4c8480d2a9b7a21ec) Importer(815301076,1909f56bfc062723c751e8b465ee728b)  -> (artifact id: '3209cd2d863e0ec2f756fd6eb3359cfe') in 0.016185 seconds 
